
 ------------------------------------------------------------------------------
  SWPC_3D                                                                     
 ------------------------------------------------------------------------------

  Grid Size               :      384 x    384 x    384
  MPI Partitioning        :        2 x    2
  Total Memory Size       :          13.292  [GiB]
  Node Memory Size        :           3.323  [GiB]
  Stability  Condition c  :           0.645  (c<1)
  Wavelength Condition r  :          12.488  (r>5-10)
  Minimum velocity        :           3.122  [km/s]
  Maximum velocity        :           7.977  [km/s]
  Maximum frequency       :           0.500  [Hz]

 ------------------------------------------------------------------------------

  it=0000050, 1.024 s/loop, eta 000:16:12, ( 2.94E-05  2.94E-05  1.59E-04 )
  it=0000100, 1.028 s/loop, eta 000:15:25, ( 1.95E-04  1.95E-04  8.87E-04 )
  it=0000150, 1.023 s/loop, eta 000:14:29, ( 1.04E-04  1.04E-04  4.87E-04 )
  it=0000200, 1.014 s/loop, eta 000:13:31, ( 2.62E-05  2.62E-05  4.89E-05 )
  it=0000250, 1.010 s/loop, eta 000:12:37, ( 1.32E-05  1.32E-05  3.59E-05 )
  it=0000300, 1.001 s/loop, eta 000:11:40, ( 1.13E-05  1.13E-05  3.16E-05 )
  it=0000350, 0.996 s/loop, eta 000:10:47, ( 1.26E-05  1.26E-05  2.67E-05 )
  it=0000400, 0.992 s/loop, eta 000:09:55, ( 1.13E-05  1.13E-05  2.33E-05 )
  it=0000450, 0.991 s/loop, eta 000:09:05, ( 9.68E-06  9.68E-06  2.07E-05 )
  it=0000500, 0.987 s/loop, eta 000:08:13, ( 9.22E-06  9.22E-06  1.98E-05 )
  it=0000550, 0.984 s/loop, eta 000:07:22, ( 8.90E-06  8.90E-06  1.90E-05 )
  it=0000600, 0.981 s/loop, eta 000:06:32, ( 8.37E-06  8.37E-06  1.78E-05 )
  it=0000650, 0.978 s/loop, eta 000:05:42, ( 7.78E-06  7.78E-06  1.68E-05 )
  it=0000700, 0.975 s/loop, eta 000:04:52, ( 7.63E-06  7.63E-06  1.59E-05 )
  it=0000750, 0.973 s/loop, eta 000:04:03, ( 7.47E-06  7.47E-06  1.53E-05 )
  it=0000800, 0.972 s/loop, eta 000:03:14, ( 7.01E-06  7.01E-06  1.45E-05 )
  it=0000850, 0.974 s/loop, eta 000:02:26, ( 6.79E-06  6.79E-06  1.35E-05 )
  it=0000900, 0.974 s/loop, eta 000:01:37, ( 7.07E-06  7.07E-06  1.28E-05 )
  it=0000950, 0.973 s/loop, eta 000:00:48, ( 7.38E-06  7.38E-06  1.20E-05 )
  it=0001000, 0.973 s/loop, eta 000:00:00, ( 7.22E-06  7.22E-06  1.14E-05 )

 ------------------------------------------------------------------------------
 
  Total time             :         972.827 s

 ------------------------------------------------------------------------------