'eJIVSM_01_GSURFACE_1.80_1.70_0.35_0119_0070_.grd'    1.80  1.70  0.35   119    70  0  
'eJIVSM_02_BASEMENT_1.95_1.80_0.50_0170_0100_.grd'    1.95  1.80  0.50   170   100  0  
'eJIVSM_03_BASEMENT_2.00_2.00_0.60_0204_0120_.grd'    2.00  2.00  0.60   204   120  0  
'eJIVSM_04_BASEMENT_2.05_2.10_0.70_0238_0140_.grd'    2.05  2.10  0.70   238   140  0  
'eJIVSM_05_BASEMENT_2.07_2.20_0.80_0272_0160_.grd'    2.07  2.20  0.80   272   160  0  
'eJIVSM_06_BASEMENT_2.10_2.30_0.90_0306_0180_.grd'    2.10  2.30  0.90   306   180  0  
'eJIVSM_07_BASEMENT_2.15_2.40_1.00_0340_0200_.grd'    2.15  2.40  1.00   340   200  0  
'eJIVSM_08_BASEMENT_2.20_2.70_1.30_0442_0260_.grd'    2.20  2.70  1.30   442   260  0  
'eJIVSM_09_BASEMENT_2.25_3.00_1.50_0510_0300_.grd'    2.25  3.00  1.50   510   300  0  
'eJIVSM_10_BASEMENT_2.30_3.20_1.70_0578_0340_.grd'    2.30  3.20  1.70   578   340  0  
'eJIVSM_11_BASEMENT_2.35_3.50_2.00_0680_0400_.grd'    2.35  3.50  2.00   680   400  0  
'eJIVSM_12_BASEMENT_2.45_4.20_2.40_0680_0400_.grd'    2.45  4.20  2.40   680   400  0  
'eJIVSM_13_BASEMENT_2.60_5.00_2.90_0680_0400_.grd'    2.60  5.00  2.90   680   400  0  
'eJIVSM_14_UPCRUST1_2.65_5.50_3.20_0680_0400_.grd'    2.65  5.50  3.20   680   400  0  
'eJIVSM_15_UPCRUST2_2.70_5.80_3.40_0680_0400_.grd'    2.70  5.80  3.40   680   400  0  
'eJIVSM_16_LOWCRUST_2.80_6.40_3.80_0680_0400_.grd'    2.80  6.40  3.80   680   400  0  
'eJIVSM_17_C-MANTLE_3.20_7.50_4.50_0850_0500_.grd'    3.20  7.50  4.50   850   500  0  
'eJIVSM_18_PHS-LYR2_2.40_5.00_2.90_0340_0200_.grd'    2.40  5.00  2.90   340   200  1  
'eJIVSM_19_PHS-LYR3_2.90_6.80_4.00_0510_0300_.grd'    2.90  6.80  4.00   510   300  0  
'eJIVSM_20_PHS-MNTL_3.20_8.00_4.70_0850_0500_.grd'    3.20  8.00  4.70   850   500  0  
'eJIVSM_21_PAC-LYR2_2.60_5.40_2.80_0340_0200_.grd'    2.60  5.40  2.80   340   200  2  
'eJIVSM_22_PAC-LYR3_2.80_6.50_3.50_0510_0300_.grd'    2.80  6.50  3.50   510   300  0  
'eJIVSM_23_PAC-MNTL_3.40_8.10_4.60_0850_0500_.grd'    3.40  8.10  4.60   850   500  0
